<?xml version="1.0" encoding="UTF-8"?>
<!-- Generated by org.testng.reporters.JUnitReportReporter -->
<testsuite hostname="Papu" name="com.wirecard.NTLTaxi.reportsgeneration.ReportOptimizer" tests="1" failures="0" timestamp="3 Oct 2016 07:42:35 GMT" time="0.303" errors="0">
  <testcase name="archiveFiles" time="0.303" classname="com.wirecard.NTLTaxi.reportsgeneration.ReportOptimizer"/>
</testsuite> <!-- com.wirecard.NTLTaxi.reportsgeneration.ReportOptimizer -->
