<?xml version="1.0" encoding="UTF-8"?>
<!-- Generated by org.testng.reporters.JUnitReportReporter -->
<testsuite hostname="Papu" name="temp.ReportTest" tests="3" failures="0" timestamp="30 Sep 2016 07:39:52 GMT" time="80.624" errors="0">
  <testcase name="googletest" time="43.184" classname="temp.ReportTest"/>
  <testcase name="bingtest" time="17.371" classname="temp.ReportTest"/>
  <testcase name="yahootest" time="20.069" classname="temp.ReportTest"/>
</testsuite> <!-- temp.ReportTest -->
